<?xml version="1.0" encoding="UTF-8"?>
<testng-results skipped="0" failed="0" ignored="0" total="5" passed="5">
  <reporter-output>
  </reporter-output>
  <suite name="AppiumSuite" duration-ms="226518" started-at="2020-09-09T22:31:48 IST" finished-at="2020-09-09T22:35:34 IST">
    <groups>
    </groups>
    <test name="AppiumTest" duration-ms="226518" started-at="2020-09-09T22:31:48 IST" finished-at="2020-09-09T22:35:34 IST">
      <class name="testcases.appSignOut">
        <test-method status="PASS" signature="signOut()[pri:0, instance:testcases.appSignOut@eafc191]" name="signOut" duration-ms="6922" started-at="2020-09-09T22:35:28 IST" finished-at="2020-09-09T22:35:34 IST">
          <reporter-output>
          </reporter-output>
        </test-method> <!-- signOut -->
      </class> <!-- testcases.appSignOut -->
      <class name="testcases.appSignIn">
        <test-method status="PASS" signature="openApp()[pri:0, instance:testcases.appSignIn@6121c9d6]" name="openApp" duration-ms="40194" started-at="2020-09-09T22:31:48 IST" finished-at="2020-09-09T22:32:28 IST">
          <reporter-output>
          </reporter-output>
        </test-method> <!-- openApp -->
        <test-method status="PASS" signature="signIn()[pri:0, instance:testcases.appSignIn@6121c9d6]" name="signIn" duration-ms="31671" started-at="2020-09-09T22:32:28 IST" depends-on-methods="testcases.appSignIn.openApp" finished-at="2020-09-09T22:33:00 IST">
          <reporter-output>
          </reporter-output>
        </test-method> <!-- signIn -->
      </class> <!-- testcases.appSignIn -->
      <class name="testcases.webPlayVideo">
        <test-method status="PASS" signature="playVideo()[pri:0, instance:testcases.webPlayVideo@4eb7f003]" name="playVideo" duration-ms="74367" started-at="2020-09-09T22:34:13 IST" finished-at="2020-09-09T22:35:28 IST">
          <reporter-output>
          </reporter-output>
        </test-method> <!-- playVideo -->
      </class> <!-- testcases.webPlayVideo -->
      <class name="testcases.appSelectCourse">
        <test-method status="PASS" signature="courseSel()[pri:0, instance:testcases.appSelectCourse@87f383f]" name="courseSel" duration-ms="73236" started-at="2020-09-09T22:33:00 IST" finished-at="2020-09-09T22:34:13 IST">
          <reporter-output>
          </reporter-output>
        </test-method> <!-- courseSel -->
      </class> <!-- testcases.appSelectCourse -->
    </test> <!-- AppiumTest -->
  </suite> <!-- AppiumSuite -->
</testng-results>
