<?xml version="1.0" encoding="UTF-8"?>
<!-- Generated by org.testng.reporters.JUnitXMLReporter -->
<testsuite hostname="DESKTOP-2TK0G8F" ignored="0" name="AppiumTest" tests="5" failures="0" timestamp="2020-09-09T22:35:34 IST" time="226.518" errors="0">
  <testcase name="openApp" time="40.194" classname="testcases.appSignIn"/>
  <testcase name="signIn" time="31.671" classname="testcases.appSignIn"/>
  <testcase name="courseSel" time="73.236" classname="testcases.appSelectCourse"/>
  <testcase name="playVideo" time="74.367" classname="testcases.webPlayVideo"/>
  <testcase name="signOut" time="6.922" classname="testcases.appSignOut"/>
</testsuite> <!-- AppiumTest -->
